2025-06-29T14:02:14.242105 [INFO] Stats aufgerufen.
2025-06-29T14:06:10.232298 [INFO] Healthcheck emails: OK=False, N=0
2025-06-29T14:09:48.472993 [INFO] Dokument hinzugefügt: doc_7073849527172701775
2025-06-29T14:10:20.996527 [INFO] Healthcheck emails: OK=False, N=0
2025-06-29T15:17:15.811370 [INFO] Dokument hinzugefügt: doc_5578313214469815738
2025-06-29T15:20:45.193436 [INFO] Dokument hinzugefügt: doc_-4028946689640851448
2025-06-29T15:26:12.647248 [INFO] Dokument hinzugefügt: doc_4893848952030742009
2025-06-29T15:32:21.814424 [INFO] Dokument hinzugefügt: doc_-3846797892481168834
2025-06-29T15:35:48.835277 [INFO] Dokument hinzugefügt: doc_933883129214747487
2025-06-29T15:40:28.696556 [INFO] Dokument hinzugefügt: doc_4817353067505053823
2025-06-29T15:41:04.358220 [INFO] Dokument hinzugefügt: doc_-3806144584620930966
2025-06-29T15:43:47.196969 [INFO] Dokument hinzugefügt: doc_6840852375128789834
2025-06-29T15:46:46.606394 [INFO] Dokument hinzugefügt: doc_-284756474655872729
2025-06-29T19:22:02.704951 [INFO] Dokument hinzugefügt: doc_8594077818526420965
2025-06-29T19:26:40.326401 [INFO] Dokument hinzugefügt: doc_-352787079141328468
2025-06-29T19:27:59.789190 [INFO] Dokument hinzugefügt: doc_6549125877863974150
2025-06-29T23:28:31.824078 [INFO] Dokument hinzugefügt: patrick@beispiel.com in Leak gefunden...
2025-06-29T23:31:03.316810 [INFO] Dokument hinzugefügt: Trump ist in Wahrheit eine Orange....
2025-06-29T23:32:42.925193 [INFO] Query ausgeführt: 'patrick holunder' in emails
2025-06-29T23:33:14.391570 [INFO] Query ausgeführt: 'patrick holunder' in emails
2025-06-29T23:33:48.107189 [INFO] Query ausgeführt: 'fruit' in emails
2025-06-29T23:36:24.330382 [INFO] Dokument aktualisiert: EMAILS_EMAIL_leak_20250629_212831782420
2025-06-29T23:42:03.599683 [INFO] Dokument hinzugefügt: Temp...
2025-06-29T23:43:27.804279 [INFO] Dokument gelöscht: EMAILS_EMAIL_guess_20250629_214203562570
2025-07-06T23:48:48.101590 [INFO] Batch-Insert in emails: 2 Dokumente
2025-07-06T23:50:15.124577 [INFO] Export emails -> emails_dump.jsonl & emails.index
2025-07-06T23:57:58.255411 [INFO] Collections gelistet.
2025-07-06T23:59:07.617556 [INFO] Collection erstellt: contacts (.\contacts.index)
2025-07-06T23:59:50.579787 [INFO] Collections gelistet.
2025-07-07T00:00:50.746564 [INFO] Collection gelöscht: contacts
2025-07-07T00:01:48.272784 [INFO] Healthcheck emails: Registry OK=True, N=4 | Index OK=True, V=6
2025-07-07T00:03:14.267688 [INFO] Stats aufgerufen.
